<?xml version="1.0" encoding="UTF-8"?>
<testng-results ignored="0" total="2" passed="2" failed="0" skipped="0">
  <reporter-output>
  </reporter-output>
  <suite started-at="2023-02-21T16:22:28 PKT" name="Smoke Suite" finished-at="2023-02-21T16:22:59 PKT" duration-ms="31206">
    <groups>
    </groups>
    <test started-at="2023-02-21T16:22:28 PKT" name="Login" finished-at="2023-02-21T16:22:59 PKT" duration-ms="31206">
      <class name="TestProject.Tests.LoginTests">
        <test-method is-config="true" signature="setupBeforeSuite()[pri:0, instance:TestProject.Tests.LoginTests@6f96c77]" started-at="2023-02-21T16:22:24 PKT" name="setupBeforeSuite" finished-at="2023-02-21T16:22:28 PKT" duration-ms="3925" status="PASS">
          <reporter-output>
          </reporter-output>
        </test-method> <!-- setupBeforeSuite -->
        <test-method signature="login()[pri:1, instance:TestProject.Tests.LoginTests@6f96c77]" started-at="2023-02-21T16:22:28 PKT" name="login" description="Case 1: Verify user should Log in Successfully" finished-at="2023-02-21T16:22:29 PKT" duration-ms="1025" status="PASS">
          <reporter-output>
          </reporter-output>
        </test-method> <!-- login -->
        <test-method signature="logout()[pri:2, instance:TestProject.Tests.LoginTests@6f96c77]" started-at="2023-02-21T16:22:29 PKT" name="logout" description="Case 2: Verify user should Log out Successfully" finished-at="2023-02-21T16:22:59 PKT" duration-ms="30148" status="PASS">
          <reporter-output>
          </reporter-output>
        </test-method> <!-- logout -->
        <test-method is-config="true" signature="setupAfterSuite()[pri:0, instance:TestProject.Tests.LoginTests@6f96c77]" started-at="2023-02-21T16:22:59 PKT" name="setupAfterSuite" finished-at="2023-02-21T16:22:59 PKT" duration-ms="208" status="PASS">
          <reporter-output>
          </reporter-output>
        </test-method> <!-- setupAfterSuite -->
      </class> <!-- TestProject.Tests.LoginTests -->
    </test> <!-- Login -->
  </suite> <!-- Smoke Suite -->
</testng-results>
