<?xml version="1.0" encoding="UTF-8"?>
<testng-results ignored="0" total="2" passed="2" failed="0" skipped="0">
  <reporter-output>
  </reporter-output>
  <suite started-at="2023-02-21T12:53:54 PKT" name="Smoke Suite" finished-at="2023-02-21T12:53:57 PKT" duration-ms="2466">
    <groups>
    </groups>
    <test started-at="2023-02-21T12:53:54 PKT" name="Login" finished-at="2023-02-21T12:53:57 PKT" duration-ms="2466">
      <class name="TestProject.Tests.LoginTests">
        <test-method is-config="true" signature="setupBeforeSuite()[pri:0, instance:TestProject.Tests.LoginTests@2aece37d]" started-at="2023-02-21T12:53:52 PKT" name="setupBeforeSuite" finished-at="2023-02-21T12:53:54 PKT" duration-ms="2649" status="PASS">
          <reporter-output>
          </reporter-output>
        </test-method> <!-- setupBeforeSuite -->
        <test-method signature="login()[pri:1, instance:TestProject.Tests.LoginTests@2aece37d]" started-at="2023-02-21T12:53:54 PKT" name="login" description="Case 1: Verify user should Log in Successfully" finished-at="2023-02-21T12:53:54 PKT" duration-ms="295" status="PASS">
          <reporter-output>
          </reporter-output>
        </test-method> <!-- login -->
        <test-method signature="logout()[pri:2, instance:TestProject.Tests.LoginTests@2aece37d]" started-at="2023-02-21T12:53:54 PKT" name="logout" description="Case 2: Verify user should Log out Successfully" finished-at="2023-02-21T12:53:57 PKT" duration-ms="2142" status="PASS">
          <reporter-output>
          </reporter-output>
        </test-method> <!-- logout -->
        <test-method is-config="true" signature="setupAfterSuite()[pri:0, instance:TestProject.Tests.LoginTests@2aece37d]" started-at="2023-02-21T12:53:57 PKT" name="setupAfterSuite" finished-at="2023-02-21T12:53:57 PKT" duration-ms="183" status="PASS">
          <reporter-output>
          </reporter-output>
        </test-method> <!-- setupAfterSuite -->
      </class> <!-- TestProject.Tests.LoginTests -->
    </test> <!-- Login -->
  </suite> <!-- Smoke Suite -->
</testng-results>
